<?xml version="1.0" encoding="UTF-8"?>
<!-- Generated by org.testng.reporters.JUnitReportReporter -->
<testsuite skipped="0" hostname="DESKTOP-GE9IHO9" name="com.qa.testcases.HomePageTest" tests="1" failures="0" timestamp="26 Dec 2018 21:31:16 GMT" time="0.041" errors="0">
  <testcase name="homepageTitleValidation" time="0.041" classname="com.qa.testcases.HomePageTest"/>
</testsuite> <!-- com.qa.testcases.HomePageTest -->
