<?xml version="1.0" encoding="UTF-8"?>
<!-- Generated by org.testng.reporters.JUnitReportReporter -->
<testsuite skipped="0" hostname="DESKTOP-GE9IHO9" name="com.qa.testcases.Regression_UpdateRecord_deleteRecord" tests="10" failures="0" timestamp="06 Jan 2019 21:52:56 GMT" time="6.610" errors="0">
  <testcase name="clickAddNewComputer" time="1.508" classname="com.qa.testcases.Regression_UpdateRecord_deleteRecord"/>
  <testcase name="searchfunctionValidation" time="0.635" classname="com.qa.testcases.Regression_UpdateRecord_deleteRecord"/>
  <testcase name="clickOnsearchRecord" time="0.629" classname="com.qa.testcases.Regression_UpdateRecord_deleteRecord"/>
  <testcase name="enterNewValues" time="0.889" classname="com.qa.testcases.Regression_UpdateRecord_deleteRecord"/>
  <testcase name="clickonSaveButton" time="0.609" classname="com.qa.testcases.Regression_UpdateRecord_deleteRecord"/>
  <testcase name="alertValidation" time="0.093" classname="com.qa.testcases.Regression_UpdateRecord_deleteRecord"/>
  <testcase name="updatedValueValidation" time="0.511" classname="com.qa.testcases.Regression_UpdateRecord_deleteRecord"/>
  <testcase name="deleteRecord" time="0.835" classname="com.qa.testcases.Regression_UpdateRecord_deleteRecord"/>
  <testcase name="alertValidationOnDelete" time="0.134" classname="com.qa.testcases.Regression_UpdateRecord_deleteRecord"/>
  <testcase name="errorValidation" time="0.767" classname="com.qa.testcases.Regression_UpdateRecord_deleteRecord"/>
</testsuite> <!-- com.qa.testcases.Regression_UpdateRecord_deleteRecord -->
