<?xml version="1.0" encoding="UTF-8"?>
<!-- Generated by org.testng.reporters.JUnitReportReporter -->
<testsuite skipped="0" hostname="DESKTOP-GE9IHO9" name="com.qa.testcases.Regression_UpdateRecord" tests="10" failures="0" timestamp="06 Jan 2019 11:37:07 GMT" time="5.464" errors="0">
  <testcase name="clickAddNewComputer" time="1.283" classname="com.qa.testcases.Regression_UpdateRecord"/>
  <testcase name="searchfunctionValidation" time="0.614" classname="com.qa.testcases.Regression_UpdateRecord"/>
  <testcase name="clickOnsearchRecord" time="0.415" classname="com.qa.testcases.Regression_UpdateRecord"/>
  <testcase name="enterNewValues" time="0.724" classname="com.qa.testcases.Regression_UpdateRecord"/>
  <testcase name="clickonSaveButton" time="0.579" classname="com.qa.testcases.Regression_UpdateRecord"/>
  <testcase name="alertValidation" time="0.065" classname="com.qa.testcases.Regression_UpdateRecord"/>
  <testcase name="updatedValueValidation" time="0.481" classname="com.qa.testcases.Regression_UpdateRecord"/>
  <testcase name="deleteRecord" time="0.776" classname="com.qa.testcases.Regression_UpdateRecord"/>
  <testcase name="alertValidationOnDelete" time="0.044" classname="com.qa.testcases.Regression_UpdateRecord"/>
  <testcase name="errorValidation" time="0.483" classname="com.qa.testcases.Regression_UpdateRecord"/>
</testsuite> <!-- com.qa.testcases.Regression_UpdateRecord -->
