<?xml version="1.0" encoding="UTF-8"?>
<!-- Generated by org.testng.reporters.JUnitReportReporter -->
<testsuite skipped="0" hostname="DESKTOP-GE9IHO9" name="com.qa.testcases.Regression_AddNewComputer" tests="8" failures="0" timestamp="06 Jan 2019 11:36:48 GMT" time="3.080" errors="0">
  <testcase name="homepageTitleValidation" time="0.400" classname="com.qa.testcases.Regression_AddNewComputer"/>
  <testcase name="numberOfComputer" time="0.065" classname="com.qa.testcases.Regression_AddNewComputer"/>
  <testcase name="clickAddNewComputer" time="0.655" classname="com.qa.testcases.Regression_AddNewComputer"/>
  <testcase name="enterValues" time="0.739" classname="com.qa.testcases.Regression_AddNewComputer"/>
  <testcase name="clickOncreateComputer" time="0.533" classname="com.qa.testcases.Regression_AddNewComputer"/>
  <testcase name="alertValidation" time="0.073" classname="com.qa.testcases.Regression_AddNewComputer"/>
  <testcase name="noOfComputerValidation" time="0.047" classname="com.qa.testcases.Regression_AddNewComputer"/>
  <testcase name="searchfunctionValidation" time="0.568" classname="com.qa.testcases.Regression_AddNewComputer"/>
</testsuite> <!-- com.qa.testcases.Regression_AddNewComputer -->
