<?xml version="1.0" encoding="UTF-8"?>
<!-- Generated by org.testng.reporters.JUnitReportReporter -->
<testsuite skipped="0" hostname="DESKTOP-GE9IHO9" name="com.qa.testcases.Regression_AddNewComputer_SearchFunctionality" tests="8" failures="0" timestamp="06 Jan 2019 21:52:34 GMT" time="3.455" errors="0">
  <testcase name="homepageTitleValidation" time="0.022" classname="com.qa.testcases.Regression_AddNewComputer_SearchFunctionality"/>
  <testcase name="numberOfComputer" time="0.062" classname="com.qa.testcases.Regression_AddNewComputer_SearchFunctionality"/>
  <testcase name="clickAddNewComputer" time="0.471" classname="com.qa.testcases.Regression_AddNewComputer_SearchFunctionality"/>
  <testcase name="enterValues" time="1.293" classname="com.qa.testcases.Regression_AddNewComputer_SearchFunctionality"/>
  <testcase name="clickOncreateComputer" time="0.850" classname="com.qa.testcases.Regression_AddNewComputer_SearchFunctionality"/>
  <testcase name="alertValidation" time="0.174" classname="com.qa.testcases.Regression_AddNewComputer_SearchFunctionality"/>
  <testcase name="noOfComputerValidation" time="0.039" classname="com.qa.testcases.Regression_AddNewComputer_SearchFunctionality"/>
  <testcase name="searchfunctionValidation" time="0.544" classname="com.qa.testcases.Regression_AddNewComputer_SearchFunctionality"/>
</testsuite> <!-- com.qa.testcases.Regression_AddNewComputer_SearchFunctionality -->
