<?xml version="1.0" encoding="UTF-8"?>
<!-- Generated by org.testng.reporters.JUnitReportReporter -->
<testsuite skipped="0" hostname="DESKTOP-GE9IHO9" name="com.qa.testcases.Regression_AddNewComputer" tests="8" failures="0" timestamp="01 Jan 2019 22:50:29 GMT" time="2.361" errors="0">
  <testcase name="homepageTitleValidation" time="0.165" classname="com.qa.testcases.Regression_AddNewComputer"/>
  <testcase name="numberOfComputer" time="0.053" classname="com.qa.testcases.Regression_AddNewComputer"/>
  <testcase name="clickAddNewComputer" time="0.547" classname="com.qa.testcases.Regression_AddNewComputer"/>
  <testcase name="enterValues" time="0.690" classname="com.qa.testcases.Regression_AddNewComputer"/>
  <testcase name="clickOncreateComputer" time="0.382" classname="com.qa.testcases.Regression_AddNewComputer"/>
  <testcase name="alertValidation" time="0.058" classname="com.qa.testcases.Regression_AddNewComputer"/>
  <testcase name="noOfComputerValidation" time="0.031" classname="com.qa.testcases.Regression_AddNewComputer"/>
  <testcase name="searchfunctionValidation" time="0.435" classname="com.qa.testcases.Regression_AddNewComputer"/>
</testsuite> <!-- com.qa.testcases.Regression_AddNewComputer -->
